[debug] [2022-10-11T09:16:05.521Z] ----------------------------------------------------------------------
[debug] [2022-10-11T09:16:05.522Z] Command:       C:\Program Files\nodejs\node.exe C:\Users\jacob\AppData\Roaming\npm\node_modules\firebase-tools\lib\bin\firebase.js init
[debug] [2022-10-11T09:16:05.523Z] CLI Version:   11.14.1
[debug] [2022-10-11T09:16:05.523Z] Platform:      win32
[debug] [2022-10-11T09:16:05.523Z] Node Version:  v16.14.0
[debug] [2022-10-11T09:16:05.523Z] Time:          Tue Oct 11 2022 11:16:05 GMT+0200 (Central European Summer Time)
[debug] [2022-10-11T09:16:05.523Z] ----------------------------------------------------------------------
[debug] 
[debug] [2022-10-11T09:16:05.528Z] > command requires scopes: ["email","openid","https://www.googleapis.com/auth/cloudplatformprojects.readonly","https://www.googleapis.com/auth/firebase","https://www.googleapis.com/auth/cloud-platform"]
[debug] [2022-10-11T09:16:05.529Z] > authorizing via signed-in user (jacob.kourieh@gmail.com)
[info] 
     ######## #### ########  ######## ########     ###     ######  ########
     ##        ##  ##     ## ##       ##     ##  ##   ##  ##       ##
     ######    ##  ########  ######   ########  #########  ######  ######
     ##        ##  ##    ##  ##       ##     ## ##     ##       ## ##
     ##       #### ##     ## ######## ########  ##     ##  ######  ########

You're about to initialize a Firebase project in this directory:

  C:\Users\jacob\Desktop\FrontEnd\Dynamisk webbutveckling\11-10  firebase frontend\shoppinglist

[info] 
=== Project Setup
[info] 
[info] First, let's associate this project directory with a Firebase project.
[info] You can create multiple project aliases by running firebase use --add, 
[info] but for now we'll just set up a default project.
[info] 
